2021-07-16 09:43:30 error: TypeError: req.accpes is not a function
    at module.exports (D:\vscode-projects\backend-dev\mysite\routes\authorized.js:7:14)
    at Layer.handle [as handle_request] (D:\vscode-projects\backend-dev\mysite\node_modules\express\lib\router\layer.js:95:5)
    at next (D:\vscode-projects\backend-dev\mysite\node_modules\express\lib\router\route.js:137:13)
    at Route.dispatch (D:\vscode-projects\backend-dev\mysite\node_modules\express\lib\router\route.js:112:3)
    at Layer.handle [as handle_request] (D:\vscode-projects\backend-dev\mysite\node_modules\express\lib\router\layer.js:95:5)
    at D:\vscode-projects\backend-dev\mysite\node_modules\express\lib\router\index.js:281:22
    at Function.process_params (D:\vscode-projects\backend-dev\mysite\node_modules\express\lib\router\index.js:335:12)
    at next (D:\vscode-projects\backend-dev\mysite\node_modules\express\lib\router\index.js:275:10)
    at Function.handle (D:\vscode-projects\backend-dev\mysite\node_modules\express\lib\router\index.js:174:3)
    at router (D:\vscode-projects\backend-dev\mysite\node_modules\express\lib\router\index.js:47:12)
2021-07-16 09:43:32 error: TypeError: req.accpes is not a function
    at module.exports (D:\vscode-projects\backend-dev\mysite\routes\authorized.js:7:14)
    at Layer.handle [as handle_request] (D:\vscode-projects\backend-dev\mysite\node_modules\express\lib\router\layer.js:95:5)
    at next (D:\vscode-projects\backend-dev\mysite\node_modules\express\lib\router\route.js:137:13)
    at Route.dispatch (D:\vscode-projects\backend-dev\mysite\node_modules\express\lib\router\route.js:112:3)
    at Layer.handle [as handle_request] (D:\vscode-projects\backend-dev\mysite\node_modules\express\lib\router\layer.js:95:5)
    at D:\vscode-projects\backend-dev\mysite\node_modules\express\lib\router\index.js:281:22
    at Function.process_params (D:\vscode-projects\backend-dev\mysite\node_modules\express\lib\router\index.js:335:12)
    at next (D:\vscode-projects\backend-dev\mysite\node_modules\express\lib\router\index.js:275:10)
    at Function.handle (D:\vscode-projects\backend-dev\mysite\node_modules\express\lib\router\index.js:174:3)
    at router (D:\vscode-projects\backend-dev\mysite\node_modules\express\lib\router\index.js:47:12)
2021-07-16 10:13:58 error: Error: Broken
    at D:\vscode-projects\backend-dev\mysite\routes\user-api.js:16:15
    at Layer.handle [as handle_request] (D:\vscode-projects\backend-dev\mysite\node_modules\express\lib\router\layer.js:95:5)
    at next (D:\vscode-projects\backend-dev\mysite\node_modules\express\lib\router\route.js:137:13)
    at Route.dispatch (D:\vscode-projects\backend-dev\mysite\node_modules\express\lib\router\route.js:112:3)
    at Layer.handle [as handle_request] (D:\vscode-projects\backend-dev\mysite\node_modules\express\lib\router\layer.js:95:5)
    at D:\vscode-projects\backend-dev\mysite\node_modules\express\lib\router\index.js:281:22
    at Function.process_params (D:\vscode-projects\backend-dev\mysite\node_modules\express\lib\router\index.js:335:12)
    at next (D:\vscode-projects\backend-dev\mysite\node_modules\express\lib\router\index.js:275:10)
    at Function.handle (D:\vscode-projects\backend-dev\mysite\node_modules\express\lib\router\index.js:174:3)
    at router (D:\vscode-projects\backend-dev\mysite\node_modules\express\lib\router\index.js:47:12)
2021-07-16 10:14:23 error: Error: Broken
    at D:\vscode-projects\backend-dev\mysite\routes\user-api.js:16:15
    at Layer.handle [as handle_request] (D:\vscode-projects\backend-dev\mysite\node_modules\express\lib\router\layer.js:95:5)
    at next (D:\vscode-projects\backend-dev\mysite\node_modules\express\lib\router\route.js:137:13)
    at Route.dispatch (D:\vscode-projects\backend-dev\mysite\node_modules\express\lib\router\route.js:112:3)
    at Layer.handle [as handle_request] (D:\vscode-projects\backend-dev\mysite\node_modules\express\lib\router\layer.js:95:5)
    at D:\vscode-projects\backend-dev\mysite\node_modules\express\lib\router\index.js:281:22
    at Function.process_params (D:\vscode-projects\backend-dev\mysite\node_modules\express\lib\router\index.js:335:12)
    at next (D:\vscode-projects\backend-dev\mysite\node_modules\express\lib\router\index.js:275:10)
    at Function.handle (D:\vscode-projects\backend-dev\mysite\node_modules\express\lib\router\index.js:174:3)
    at router (D:\vscode-projects\backend-dev\mysite\node_modules\express\lib\router\index.js:47:12)
2021-07-16 10:16:20 error: Error: Broken
    at D:\vscode-projects\backend-dev\mysite\routes\user-api.js:16:15
    at Layer.handle [as handle_request] (D:\vscode-projects\backend-dev\mysite\node_modules\express\lib\router\layer.js:95:5)
    at next (D:\vscode-projects\backend-dev\mysite\node_modules\express\lib\router\route.js:137:13)
    at Route.dispatch (D:\vscode-projects\backend-dev\mysite\node_modules\express\lib\router\route.js:112:3)
    at Layer.handle [as handle_request] (D:\vscode-projects\backend-dev\mysite\node_modules\express\lib\router\layer.js:95:5)
    at D:\vscode-projects\backend-dev\mysite\node_modules\express\lib\router\index.js:281:22
    at Function.process_params (D:\vscode-projects\backend-dev\mysite\node_modules\express\lib\router\index.js:335:12)
    at next (D:\vscode-projects\backend-dev\mysite\node_modules\express\lib\router\index.js:275:10)
    at Function.handle (D:\vscode-projects\backend-dev\mysite\node_modules\express\lib\router\index.js:174:3)
    at router (D:\vscode-projects\backend-dev\mysite\node_modules\express\lib\router\index.js:47:12)
2021-07-16 10:16:23 error: Error: Broken
    at D:\vscode-projects\backend-dev\mysite\routes\user-api.js:16:15
    at Layer.handle [as handle_request] (D:\vscode-projects\backend-dev\mysite\node_modules\express\lib\router\layer.js:95:5)
    at next (D:\vscode-projects\backend-dev\mysite\node_modules\express\lib\router\route.js:137:13)
    at Route.dispatch (D:\vscode-projects\backend-dev\mysite\node_modules\express\lib\router\route.js:112:3)
    at Layer.handle [as handle_request] (D:\vscode-projects\backend-dev\mysite\node_modules\express\lib\router\layer.js:95:5)
    at D:\vscode-projects\backend-dev\mysite\node_modules\express\lib\router\index.js:281:22
    at Function.process_params (D:\vscode-projects\backend-dev\mysite\node_modules\express\lib\router\index.js:335:12)
    at next (D:\vscode-projects\backend-dev\mysite\node_modules\express\lib\router\index.js:275:10)
    at Function.handle (D:\vscode-projects\backend-dev\mysite\node_modules\express\lib\router\index.js:174:3)
    at router (D:\vscode-projects\backend-dev\mysite\node_modules\express\lib\router\index.js:47:12)
2021-07-16 10:16:32 error: Error: Broken
    at D:\vscode-projects\backend-dev\mysite\routes\user-api.js:16:15
    at Layer.handle [as handle_request] (D:\vscode-projects\backend-dev\mysite\node_modules\express\lib\router\layer.js:95:5)
    at next (D:\vscode-projects\backend-dev\mysite\node_modules\express\lib\router\route.js:137:13)
    at Route.dispatch (D:\vscode-projects\backend-dev\mysite\node_modules\express\lib\router\route.js:112:3)
    at Layer.handle [as handle_request] (D:\vscode-projects\backend-dev\mysite\node_modules\express\lib\router\layer.js:95:5)
    at D:\vscode-projects\backend-dev\mysite\node_modules\express\lib\router\index.js:281:22
    at Function.process_params (D:\vscode-projects\backend-dev\mysite\node_modules\express\lib\router\index.js:335:12)
    at next (D:\vscode-projects\backend-dev\mysite\node_modules\express\lib\router\index.js:275:10)
    at Function.handle (D:\vscode-projects\backend-dev\mysite\node_modules\express\lib\router\index.js:174:3)
    at router (D:\vscode-projects\backend-dev\mysite\node_modules\express\lib\router\index.js:47:12)
2021-07-16 10:16:54 error: Error: Broken
    at D:\vscode-projects\backend-dev\mysite\routes\user-api.js:16:15
    at Layer.handle [as handle_request] (D:\vscode-projects\backend-dev\mysite\node_modules\express\lib\router\layer.js:95:5)
    at next (D:\vscode-projects\backend-dev\mysite\node_modules\express\lib\router\route.js:137:13)
    at Route.dispatch (D:\vscode-projects\backend-dev\mysite\node_modules\express\lib\router\route.js:112:3)
    at Layer.handle [as handle_request] (D:\vscode-projects\backend-dev\mysite\node_modules\express\lib\router\layer.js:95:5)
    at D:\vscode-projects\backend-dev\mysite\node_modules\express\lib\router\index.js:281:22
    at Function.process_params (D:\vscode-projects\backend-dev\mysite\node_modules\express\lib\router\index.js:335:12)
    at next (D:\vscode-projects\backend-dev\mysite\node_modules\express\lib\router\index.js:275:10)
    at Function.handle (D:\vscode-projects\backend-dev\mysite\node_modules\express\lib\router\index.js:174:3)
    at router (D:\vscode-projects\backend-dev\mysite\node_modules\express\lib\router\index.js:47:12)
2021-07-16 10:34:12 error: Error: Broken
    at D:\vscode-projects\backend-dev\mysite\routes\user-api.js:16:15
    at Layer.handle [as handle_request] (D:\vscode-projects\backend-dev\mysite\node_modules\express\lib\router\layer.js:95:5)
    at next (D:\vscode-projects\backend-dev\mysite\node_modules\express\lib\router\route.js:137:13)
    at Route.dispatch (D:\vscode-projects\backend-dev\mysite\node_modules\express\lib\router\route.js:112:3)
    at Layer.handle [as handle_request] (D:\vscode-projects\backend-dev\mysite\node_modules\express\lib\router\layer.js:95:5)
    at D:\vscode-projects\backend-dev\mysite\node_modules\express\lib\router\index.js:281:22
    at Function.process_params (D:\vscode-projects\backend-dev\mysite\node_modules\express\lib\router\index.js:335:12)
    at next (D:\vscode-projects\backend-dev\mysite\node_modules\express\lib\router\index.js:275:10)
    at Function.handle (D:\vscode-projects\backend-dev\mysite\node_modules\express\lib\router\index.js:174:3)
    at router (D:\vscode-projects\backend-dev\mysite\node_modules\express\lib\router\index.js:47:12)
2021-07-16 10:34:13 error: Error: Broken
    at D:\vscode-projects\backend-dev\mysite\routes\user-api.js:16:15
    at Layer.handle [as handle_request] (D:\vscode-projects\backend-dev\mysite\node_modules\express\lib\router\layer.js:95:5)
    at next (D:\vscode-projects\backend-dev\mysite\node_modules\express\lib\router\route.js:137:13)
    at Route.dispatch (D:\vscode-projects\backend-dev\mysite\node_modules\express\lib\router\route.js:112:3)
    at Layer.handle [as handle_request] (D:\vscode-projects\backend-dev\mysite\node_modules\express\lib\router\layer.js:95:5)
    at D:\vscode-projects\backend-dev\mysite\node_modules\express\lib\router\index.js:281:22
    at Function.process_params (D:\vscode-projects\backend-dev\mysite\node_modules\express\lib\router\index.js:335:12)
    at next (D:\vscode-projects\backend-dev\mysite\node_modules\express\lib\router\index.js:275:10)
    at Function.handle (D:\vscode-projects\backend-dev\mysite\node_modules\express\lib\router\index.js:174:3)
    at router (D:\vscode-projects\backend-dev\mysite\node_modules\express\lib\router\index.js:47:12)
2021-07-16 10:34:19 error: Error: Broken
    at D:\vscode-projects\backend-dev\mysite\routes\user-api.js:16:15
    at Layer.handle [as handle_request] (D:\vscode-projects\backend-dev\mysite\node_modules\express\lib\router\layer.js:95:5)
    at next (D:\vscode-projects\backend-dev\mysite\node_modules\express\lib\router\route.js:137:13)
    at Route.dispatch (D:\vscode-projects\backend-dev\mysite\node_modules\express\lib\router\route.js:112:3)
    at Layer.handle [as handle_request] (D:\vscode-projects\backend-dev\mysite\node_modules\express\lib\router\layer.js:95:5)
    at D:\vscode-projects\backend-dev\mysite\node_modules\express\lib\router\index.js:281:22
    at Function.process_params (D:\vscode-projects\backend-dev\mysite\node_modules\express\lib\router\index.js:335:12)
    at next (D:\vscode-projects\backend-dev\mysite\node_modules\express\lib\router\index.js:275:10)
    at Function.handle (D:\vscode-projects\backend-dev\mysite\node_modules\express\lib\router\index.js:174:3)
    at router (D:\vscode-projects\backend-dev\mysite\node_modules\express\lib\router\index.js:47:12)
2021-07-16 10:35:38 error: Error: Broken
    at D:\vscode-projects\backend-dev\mysite\routes\user-api.js:16:15
    at Layer.handle [as handle_request] (D:\vscode-projects\backend-dev\mysite\node_modules\express\lib\router\layer.js:95:5)
    at next (D:\vscode-projects\backend-dev\mysite\node_modules\express\lib\router\route.js:137:13)
    at Route.dispatch (D:\vscode-projects\backend-dev\mysite\node_modules\express\lib\router\route.js:112:3)
    at Layer.handle [as handle_request] (D:\vscode-projects\backend-dev\mysite\node_modules\express\lib\router\layer.js:95:5)
    at D:\vscode-projects\backend-dev\mysite\node_modules\express\lib\router\index.js:281:22
    at Function.process_params (D:\vscode-projects\backend-dev\mysite\node_modules\express\lib\router\index.js:335:12)
    at next (D:\vscode-projects\backend-dev\mysite\node_modules\express\lib\router\index.js:275:10)
    at Function.handle (D:\vscode-projects\backend-dev\mysite\node_modules\express\lib\router\index.js:174:3)
    at router (D:\vscode-projects\backend-dev\mysite\node_modules\express\lib\router\index.js:47:12)
2021-07-16 10:37:33 error: Error: Broken
    at D:\vscode-projects\backend-dev\mysite\routes\user-api.js:16:15
    at Layer.handle [as handle_request] (D:\vscode-projects\backend-dev\mysite\node_modules\express\lib\router\layer.js:95:5)
    at next (D:\vscode-projects\backend-dev\mysite\node_modules\express\lib\router\route.js:137:13)
    at Route.dispatch (D:\vscode-projects\backend-dev\mysite\node_modules\express\lib\router\route.js:112:3)
    at Layer.handle [as handle_request] (D:\vscode-projects\backend-dev\mysite\node_modules\express\lib\router\layer.js:95:5)
    at D:\vscode-projects\backend-dev\mysite\node_modules\express\lib\router\index.js:281:22
    at Function.process_params (D:\vscode-projects\backend-dev\mysite\node_modules\express\lib\router\index.js:335:12)
    at next (D:\vscode-projects\backend-dev\mysite\node_modules\express\lib\router\index.js:275:10)
    at Function.handle (D:\vscode-projects\backend-dev\mysite\node_modules\express\lib\router\index.js:174:3)
    at router (D:\vscode-projects\backend-dev\mysite\node_modules\express\lib\router\index.js:47:12)
2021-07-16 10:41:51 error: Error: Broken
    at D:\vscode-projects\backend-dev\mysite\routes\user-api.js:16:15
    at Layer.handle [as handle_request] (D:\vscode-projects\backend-dev\mysite\node_modules\express\lib\router\layer.js:95:5)
    at next (D:\vscode-projects\backend-dev\mysite\node_modules\express\lib\router\route.js:137:13)
    at Route.dispatch (D:\vscode-projects\backend-dev\mysite\node_modules\express\lib\router\route.js:112:3)
    at Layer.handle [as handle_request] (D:\vscode-projects\backend-dev\mysite\node_modules\express\lib\router\layer.js:95:5)
    at D:\vscode-projects\backend-dev\mysite\node_modules\express\lib\router\index.js:281:22
    at Function.process_params (D:\vscode-projects\backend-dev\mysite\node_modules\express\lib\router\index.js:335:12)
    at next (D:\vscode-projects\backend-dev\mysite\node_modules\express\lib\router\index.js:275:10)
    at Function.handle (D:\vscode-projects\backend-dev\mysite\node_modules\express\lib\router\index.js:174:3)
    at router (D:\vscode-projects\backend-dev\mysite\node_modules\express\lib\router\index.js:47:12)
2021-07-16 10:41:52 error: Error: Broken
    at D:\vscode-projects\backend-dev\mysite\routes\user-api.js:16:15
    at Layer.handle [as handle_request] (D:\vscode-projects\backend-dev\mysite\node_modules\express\lib\router\layer.js:95:5)
    at next (D:\vscode-projects\backend-dev\mysite\node_modules\express\lib\router\route.js:137:13)
    at Route.dispatch (D:\vscode-projects\backend-dev\mysite\node_modules\express\lib\router\route.js:112:3)
    at Layer.handle [as handle_request] (D:\vscode-projects\backend-dev\mysite\node_modules\express\lib\router\layer.js:95:5)
    at D:\vscode-projects\backend-dev\mysite\node_modules\express\lib\router\index.js:281:22
    at Function.process_params (D:\vscode-projects\backend-dev\mysite\node_modules\express\lib\router\index.js:335:12)
    at next (D:\vscode-projects\backend-dev\mysite\node_modules\express\lib\router\index.js:275:10)
    at Function.handle (D:\vscode-projects\backend-dev\mysite\node_modules\express\lib\router\index.js:174:3)
    at router (D:\vscode-projects\backend-dev\mysite\node_modules\express\lib\router\index.js:47:12)
